<?xml version="1.0" encoding="UTF-8"?>
<!-- Generated by org.testng.reporters.JUnitXMLReporter -->
<testsuite hostname="HMS-QA-Jayentdra" name="Test" tests="1" failures="1" timestamp="28 Aug 2017 10:10:11 GMT" time="35.335" errors="0">
  <testcase name="fn_DefaultSetting" time="14.518" classname="com.hotelogix.AutomationFramework.test.admin.General.DefaultSettings.DefaultSettings">
    <failure type="java.lang.AssertionError" message="expected [- Default Settings Saved Successfully] but found []">
      <![CDATA[java.lang.AssertionError: expected [- Default Settings Saved Successfully] but found []
	at com.hotelogix.AutomationFramework.test.admin.General.DefaultSettings.DefaultSettings.fn_DefaultSetting(DefaultSettings.java:55)
... Removed 32 stack frames]]>
    </failure>
  </testcase> <!-- fn_DefaultSetting -->
</testsuite> <!-- Test -->
